2024-11-08T00:00:00 - Optimize training loop
2024-11-11T00:00:00 - Update dependencies in requirements.txt
2024-11-11T00:00:00 - Update project structure
2024-11-11T00:00:00 - Fix minor bugs in data preprocessing
2024-11-11T00:00:00 - Optimize training loop
2024-11-12T00:00:00 - Fix minor bugs in data preprocessing
2024-11-14T00:00:00 - Fix minor bugs in data preprocessing
2024-11-14T00:00:00 - Add unit tests for core modules
2024-11-14T00:00:00 - Clean up code and remove unused imports
2024-11-14T00:00:00 - Add unit tests for core modules
2024-11-25T00:00:00 - Clean up code and remove unused imports
2024-11-25T00:00:00 - Implement new feature for model evaluation
2024-11-25T00:00:00 - Update dependencies in requirements.txt
2024-11-25T00:00:00 - Clean up code and remove unused imports
2024-11-26T00:00:00 - Fix minor bugs in data preprocessing
2024-11-26T00:00:00 - Clean up code and remove unused imports
2024-11-26T00:00:00 - Update documentation and README
2024-12-11T00:00:00 - Adjust hyperparameters for better convergence
2024-12-11T00:00:00 - Refactor model architecture for better performance
2024-12-11T00:00:00 - Clean up code and remove unused imports
2024-12-11T00:00:00 - Clean up code and remove unused imports
2024-12-23T00:00:00 - Refactor model architecture for better performance
